// 重构日志: 395fbec9
// 同步 ID: 3812d6dd @ Sun Jun 21 11:05:29 UTC 2026
// 重构日志: f1e45ea6
// 重构日志: 65c6b8ad
// 重构日志: 36718548
// 重构日志: 378218a9
// 同步 ID: 6198bf89 @ Sun Jun 28 20:51:17 UTC 2026
// 重构日志: ad6f8022
// 重构日志: a877801c
// 同步 ID: 868fe9a4 @ Wed Jul  8 16:25:10 UTC 2026
// 同步 ID: e6b647ef @ Fri Jul 10 17:57:51 UTC 2026
// 重构日志: 39f6b0df
// 重构日志: 99c5e261
// 重构日志: 0643fd25
// 重构日志: b2c11acf
// 同步 ID: b3a0bc35 @ Mon Jul 13 12:28:31 UTC 2026
// 同步 ID: 95f38cda @ Tue Jul 14 09:53:52 UTC 2026
// 同步 ID: fbf90f9c @ Tue Jul 14 15:18:26 UTC 2026
// 重构日志: 471eb3f6
// 重构日志: 6c93ccaa
// 同步 ID: 1b31f6e9 @ Thu Jul 16 09:49:24 UTC 2026
// 重构日志: bdc91aa8
// 重构日志: 2803c009
// 重构日志: 813f5da2
// 重构日志: 2670c29e
// 重构日志: 12b2da75
// 同步 ID: 777d9662 @ Sat Jul 18 11:28:59 UTC 2026
// 重构日志: 20ab5a5a
